<?xml version="1.0" encoding="UTF-8"?>
<testng-results skipped="0" failed="0" total="1" passed="1">
  <reporter-output>
  </reporter-output>
  <suite name="Default suite" duration-ms="13965" started-at="2019-08-25T15:27:33Z" finished-at="2019-08-25T15:27:47Z">
    <groups>
    </groups>
    <test name="Default test" duration-ms="13965" started-at="2019-08-25T15:27:33Z" finished-at="2019-08-25T15:27:47Z">
      <class name="org.samyak.com.maven.AppTest">
        <test-method status="PASS" signature="testFB()[pri:0, instance:org.samyak.com.maven.AppTest@7cdbc5d3]" name="testFB" duration-ms="13932" started-at="2019-08-25T20:57:33Z" finished-at="2019-08-25T20:57:47Z">
          <reporter-output>
          </reporter-output>
        </test-method> <!-- testFB -->
      </class> <!-- org.samyak.com.maven.AppTest -->
    </test> <!-- Default test -->
  </suite> <!-- Default suite -->
</testng-results>
