<?xml version="1.0" encoding="UTF-8"?>
<testng-results skipped="0" failed="0" total="1" passed="1">
  <reporter-output>
  </reporter-output>
  <suite name="Default suite" duration-ms="21271" started-at="2020-03-09T14:36:59Z" finished-at="2020-03-09T14:37:20Z">
    <groups>
    </groups>
    <test name="Default test" duration-ms="21271" started-at="2020-03-09T14:36:59Z" finished-at="2020-03-09T14:37:20Z">
      <class name="newPackage.OAuth2">
        <test-method status="PASS" signature="authentication2()[pri:0, instance:newPackage.OAuth2@2752f6e2]" name="authentication2" duration-ms="21245" started-at="2020-03-09T20:06:59Z" finished-at="2020-03-09T20:07:20Z">
          <reporter-output>
          </reporter-output>
        </test-method> <!-- authentication2 -->
      </class> <!-- newPackage.OAuth2 -->
    </test> <!-- Default test -->
  </suite> <!-- Default suite -->
</testng-results>
